2025-11-30 15:14:16 Loading main app package /usr/lib/obsidian/obsidian.asar
2025-11-30 15:14:16 Checking for update using Github
2025-11-30 15:14:16 Success.
2025-11-30 15:14:16 Latest version is 1.10.6
2025-11-30 15:14:16 App is up to date.
2025-12-01 10:43:14 Loading main app package /usr/lib/obsidian/obsidian.asar
2025-12-01 10:43:14 Checking for update using Github
2025-12-01 10:43:14 Success.
2025-12-01 10:43:14 Latest version is 1.10.6
2025-12-01 10:43:14 App is up to date.
2025-12-01 11:43:14 Checking for update using Github
2025-12-01 11:43:14 Success.
2025-12-01 11:43:14 Latest version is 1.10.6
2025-12-01 11:43:14 App is up to date.
2025-12-01 12:43:14 Checking for update using Github
2025-12-01 12:43:14 Success.
2025-12-01 12:43:14 Latest version is 1.10.6
2025-12-01 12:43:14 App is up to date.
2025-12-01 13:43:14 Checking for update using Github
2025-12-01 13:43:14 Success.
2025-12-01 13:43:14 Latest version is 1.10.6
2025-12-01 13:43:14 App is up to date.
2025-12-01 14:43:14 Checking for update using Github
2025-12-01 14:43:14 Success.
2025-12-01 14:43:14 Latest version is 1.10.6
2025-12-01 14:43:14 App is up to date.
2025-12-01 15:43:14 Checking for update using Github
2025-12-01 15:43:14 Success.
2025-12-01 15:43:14 Latest version is 1.10.6
2025-12-01 15:43:14 App is up to date.
2025-12-14 16:12:48 Loading main app package /usr/lib/obsidian/obsidian.asar
2025-12-14 16:12:49 Checking for update using Github
2025-12-14 16:12:49 Success.
2025-12-14 16:12:49 Latest version is 1.10.6
2025-12-14 16:12:49 App is up to date.
2025-12-16 14:35:07 Loading main app package /usr/lib/obsidian/obsidian.asar
2025-12-16 14:35:07 Checking for update using Github
2025-12-16 14:35:08 Success.
2025-12-16 14:35:08 Latest version is 1.10.6
2025-12-16 14:35:08 App is up to date.
2025-12-16 15:02:26 Loading main app package /usr/lib/obsidian/obsidian.asar
2025-12-16 15:02:26 Checking for update using Github
2025-12-16 15:02:26 Success.
2025-12-16 15:02:26 Latest version is 1.10.6
2025-12-16 15:02:26 App is up to date.
2025-12-16 15:02:49 Loading main app package /usr/lib/obsidian/obsidian.asar
2025-12-16 15:02:49 Checking for update using Github
2025-12-16 15:02:49 Success.
2025-12-16 15:02:49 Latest version is 1.10.6
2025-12-16 15:02:49 App is up to date.
2026-01-06 14:40:35 Loading main app package /usr/lib/obsidian/obsidian.asar
2026-01-06 14:40:36 Checking for update using Github
2026-01-06 14:40:36 Success.
2026-01-06 14:40:36 Latest version is 1.10.6
2026-01-06 14:40:36 App is up to date.
2026-01-06 15:40:35 Checking for update using Github
2026-01-06 15:40:36 Success.
2026-01-06 15:40:36 Latest version is 1.10.6
2026-01-06 15:40:36 App is up to date.
2026-01-06 16:40:35 Checking for update using Github
2026-01-06 16:40:36 Success.
2026-01-06 16:40:36 Latest version is 1.10.6
2026-01-06 16:40:36 App is up to date.
2026-01-10 11:45:24 Loading main app package /usr/lib/obsidian/obsidian.asar
2026-01-10 11:45:25 Checking for update using Github
2026-01-10 11:45:26 Success.
2026-01-10 11:45:26 Latest version is 1.10.6
2026-01-10 11:45:26 App is up to date.
2026-01-10 12:46:52 Loading main app package /usr/lib/obsidian/obsidian.asar
2026-01-10 12:46:52 Checking for update using Github
2026-01-10 12:46:53 Success.
2026-01-10 12:46:53 Latest version is 1.10.6
2026-01-10 12:46:53 App is up to date.
2026-01-10 13:46:52 Checking for update using Github
2026-01-10 13:46:52 Success.
2026-01-10 13:46:52 Latest version is 1.10.6
2026-01-10 13:46:52 App is up to date.
2026-01-10 14:46:52 Checking for update using Github
2026-01-10 14:46:52 Success.
2026-01-10 14:46:52 Latest version is 1.10.6
2026-01-10 14:46:52 App is up to date.
2026-01-10 15:46:52 Checking for update using Github
2026-01-10 15:46:52 Success.
2026-01-10 15:46:52 Latest version is 1.10.6
2026-01-10 15:46:52 App is up to date.
2026-01-12 12:35:40 Loading main app package /usr/lib/obsidian/obsidian.asar
2026-01-12 12:35:41 Checking for update using Github
2026-01-12 12:35:43 Success.
2026-01-12 12:35:43 Latest version is 1.10.6
2026-01-12 12:35:43 App is up to date.
2026-01-12 13:35:40 Checking for update using Github
2026-01-12 13:35:40 Success.
2026-01-12 13:35:40 Latest version is 1.10.6
2026-01-12 13:35:40 App is up to date.
2026-01-12 14:35:40 Checking for update using Github
2026-01-12 14:35:40 Success.
2026-01-12 14:35:40 Latest version is 1.10.6
2026-01-12 14:35:40 App is up to date.
2026-01-12 15:35:40 Checking for update using Github
2026-01-12 15:35:40 Success.
2026-01-12 15:35:40 Latest version is 1.11.4
2026-01-12 15:35:40 Downloading update from https://github.com/obsidianmd/obsidian-releases/releases/download/v1.11.4/obsidian-1.11.4.asar.gz
2026-01-12 15:35:42 Verifying hash & signature. Size= 8769455
2026-01-12 15:35:42 Saving file
2026-01-12 15:35:42 Update complete.
2026-01-15 15:21:14 Loading updated app package /home/user/.config/obsidian/obsidian-1.11.4.asar
2026-01-15 15:21:15 Checking for update using Github
2026-01-15 15:21:15 Success.
2026-01-15 15:21:15 Latest version is 1.11.4
2026-01-15 15:21:15 App is up to date.
2026-01-15 16:21:14 Checking for update using Github
2026-01-15 16:21:14 Success.
2026-01-15 16:21:14 Latest version is 1.11.4
2026-01-15 16:21:14 App is up to date.
2026-01-15 17:21:14 Checking for update using Github
2026-01-15 17:21:14 Success.
2026-01-15 17:21:14 Latest version is 1.11.4
2026-01-15 17:21:14 App is up to date.
2026-01-16 12:16:12 Loading main app package /usr/lib/obsidian/obsidian.asar
2026-01-16 12:16:12 Checking for update using Github
2026-01-16 12:16:13 Success.
2026-01-16 12:16:13 Latest version is 1.11.4
2026-01-16 12:16:13 App is up to date.
2026-01-17 04:37:26 Loading main app package /usr/lib/obsidian/obsidian.asar
2026-01-17 04:37:26 Checking for update using Github
2026-01-17 04:37:27 Success.
2026-01-17 04:37:27 Latest version is 1.11.4
2026-01-17 04:37:27 App is up to date.
2026-01-17 05:37:26 Checking for update using Github
2026-01-17 05:37:26 Success.
2026-01-17 05:37:26 Latest version is 1.11.4
2026-01-17 05:37:26 App is up to date.
2026-01-17 06:37:26 Checking for update using Github
2026-01-17 06:37:27 Success.
2026-01-17 06:37:27 Latest version is 1.11.4
2026-01-17 06:37:27 App is up to date.
2026-01-17 08:11:52 Loading main app package /usr/lib/obsidian/obsidian.asar
2026-01-17 08:11:52 Checking for update using Github
2026-01-17 08:11:54 Success.
2026-01-17 08:11:54 Latest version is 1.11.4
2026-01-17 08:11:54 App is up to date.
2026-01-17 11:28:16 Loading main app package /usr/lib/obsidian/obsidian.asar
2026-01-17 11:28:16 Checking for update using Github
2026-01-17 11:28:17 Success.
2026-01-17 11:28:17 Latest version is 1.11.4
2026-01-17 11:28:17 App is up to date.
2026-01-17 12:28:16 Checking for update using Github
2026-01-17 12:28:17 Success.
2026-01-17 12:28:17 Latest version is 1.11.4
2026-01-17 12:28:17 App is up to date.
2026-01-18 04:57:46 Loading main app package /usr/lib/obsidian/obsidian.asar
2026-01-18 04:57:46 Checking for update using Github
2026-01-18 04:57:47 Success.
2026-01-18 04:57:47 Latest version is 1.11.4
2026-01-18 04:57:47 App is up to date.
2026-01-18 05:57:46 Checking for update using Github
2026-01-18 05:57:47 Success.
2026-01-18 05:57:47 Latest version is 1.11.4
2026-01-18 05:57:47 App is up to date.
2026-01-18 06:57:46 Checking for update using Github
2026-01-18 06:57:47 Success.
2026-01-18 06:57:47 Latest version is 1.11.4
2026-01-18 06:57:47 App is up to date.
2026-01-18 07:57:47 Checking for update using Github
2026-01-18 07:57:47 Success.
2026-01-18 07:57:47 Latest version is 1.11.4
2026-01-18 07:57:47 App is up to date.
2026-01-18 08:57:47 Checking for update using Github
2026-01-18 08:57:47 Success.
2026-01-18 08:57:47 Latest version is 1.11.4
2026-01-18 08:57:47 App is up to date.
2026-01-18 09:57:47 Checking for update using Github
2026-01-18 09:57:47 Success.
2026-01-18 09:57:47 Latest version is 1.11.4
2026-01-18 09:57:47 App is up to date.
2026-01-18 10:57:47 Checking for update using Github
2026-01-18 10:57:47 Success.
2026-01-18 10:57:47 Latest version is 1.11.4
2026-01-18 10:57:47 App is up to date.
2026-01-18 11:57:46 Checking for update using Github
2026-01-18 11:57:47 Success.
2026-01-18 11:57:47 Latest version is 1.11.4
2026-01-18 11:57:47 App is up to date.
2026-01-22 13:24:43 Loading main app package /usr/lib/obsidian/obsidian.asar
2026-01-22 13:24:44 Checking for update using Github
2026-01-22 13:24:44 Success.
2026-01-22 13:24:44 Latest version is 1.11.5
2026-01-22 13:24:44 Downloading update from https://github.com/obsidianmd/obsidian-releases/releases/download/v1.11.5/obsidian-1.11.5.asar.gz
2026-01-22 13:24:45 Verifying hash & signature. Size= 8771203
2026-01-22 13:24:45 Saving file
2026-01-22 13:24:46 Update complete.
2026-01-24 07:31:36 Loading main app package /usr/lib/obsidian/obsidian.asar
2026-01-24 07:31:37 Checking for update using Github
2026-01-24 07:31:37 Success.
2026-01-24 07:31:37 Latest version is 1.11.5
2026-01-24 07:31:37 App is up to date.
2026-01-24 11:29:28 Loading main app package /usr/lib/obsidian/obsidian.asar
2026-01-24 11:29:28 Checking for update using Github
2026-01-24 11:29:29 Success.
2026-01-24 11:29:29 Latest version is 1.11.5
2026-01-24 11:29:29 App is up to date.
2026-01-24 14:51:00 Loading main app package /usr/lib/obsidian/obsidian.asar
2026-01-24 14:51:00 Checking for update using Github
2026-01-24 14:51:01 Success.
2026-01-24 14:51:01 Latest version is 1.11.5
2026-01-24 14:51:01 App is up to date.
2026-01-25 12:41:49 Loading main app package /usr/lib/obsidian/obsidian.asar
2026-01-25 12:41:49 Checking for update using Github
2026-01-25 12:41:49 Success.
2026-01-25 12:41:49 Latest version is 1.11.5
2026-01-25 12:41:49 App is up to date.
2026-01-27 14:26:12 Loading main app package /usr/lib/obsidian/obsidian.asar
2026-01-27 14:26:13 Checking for update using Github
2026-01-27 14:26:13 Success.
2026-01-27 14:26:13 Latest version is 1.11.5
2026-01-27 14:26:13 App is up to date.
2026-01-27 15:26:12 Checking for update using Github
2026-01-27 15:26:13 Success.
2026-01-27 15:26:13 Latest version is 1.11.5
2026-01-27 15:26:13 App is up to date.
2026-01-28 16:11:33 Loading main app package /usr/lib/obsidian/obsidian.asar
2026-01-28 16:11:33 Checking for update using Github
2026-01-28 16:11:34 Success.
2026-01-28 16:11:34 Latest version is 1.11.5
2026-01-28 16:11:34 App is up to date.
2026-01-28 17:11:33 Checking for update using Github
2026-01-28 17:11:34 Success.
2026-01-28 17:11:34 Latest version is 1.11.5
2026-01-28 17:11:34 App is up to date.
2026-01-30 10:07:39 Loading main app package /usr/lib/obsidian/obsidian.asar
2026-01-30 10:07:39 Checking for update using Github
2026-01-30 10:07:40 Success.
2026-01-30 10:07:40 Latest version is 1.11.5
2026-01-30 10:07:40 App is up to date.
